<?xml version="1.0" encoding="UTF-8"?>
<testsuites name="Random 0877" time="17.2" tests="1" failures="0" errors="0">
   <testsuite name="Random 0877" tests="1" failures="0" errors="0" time="17.2" skipped="0" timestamp="2023-07-30 16:28:11" hostname="Sarah Nur Azizah - Sarah-Magnus" id="Test Suites/Random 0877">
      <properties>
         <property name="deviceName" value=""/>
         <property name="devicePlatform" value=""/>
         <property name="logFolder" value="C:\\Users\\Sarah Nur Azizah\\Katalon Studio\\Danone\\SGM\\sgm\\Reports\\20230730_162803\\Random 0877\\20230730_162804"/>
         <property name="logFiles" value="C:\\Users\\Sarah Nur Azizah\\Katalon Studio\\Danone\\SGM\\sgm\\Reports\\20230730_162803\\Random 0877\\20230730_162804\\execution0.log"/>
         <property name="attachments" value=""/>
         <property name="hostName" value="Sarah Nur Azizah - Sarah-Magnus"/>
         <property name="os" value="Windows 10 64bit"/>
         <property name="katalonVersion" value="8.6.0.208"/>
         <property name="browser" value="Chrome 115.0.0.0"/>
         <property name="hostAddress" value="192.168.0.121"/>
         <property name="sessionId" value="4ba7abb9e91246bb08ad3440f0ae12e9"/>
         <property name="seleniumVersion" value="3.141.59"/>
         <property name="proxyInformation" value="ProxyInformation { proxyOption=NO_PROXY, proxyServerType=HTTP, username=, password=********, proxyServerAddress=, proxyServerPort=0, executionList=&quot;&quot;, isApplyToDesiredCapabilities=true }"/>
         <property name="platform" value="Windows 10"/>
      </properties>
      <testcase name="Test Cases/Prefix_ID/random nomor" time="16.837" classname="Test Cases/Prefix_ID/random nomor" status="PASSED">
         <system-out><![CDATA[2023-07-30 16:28:12 - [TEST_CASE][PASSED] - Test Cases/Prefix_ID/random nomor: Test Cases/Prefix_ID/random nomor

2023-07-30 16:28:12 - [TEST_STEP][PASSED] - openBrowser(""): Browser is opened with url: ''

2023-07-30 16:28:13 - [MESSAGE][INFO] - Starting 'Chrome' driver

2023-07-30 16:28:13 - [MESSAGE][INFO] - Action delay is set to 0 milliseconds

2023-07-30 16:28:15 - [MESSAGE][PASSED] - Browser is opened with url: ''

2023-07-30 16:28:15 - [TEST_STEP][PASSED] - navigateToUrl("https://generasi.eydendigital.co.id/"): Navigate to 'https://generasi.eydendigital.co.id/' successfully

2023-07-30 16:28:19 - [MESSAGE][PASSED] - Navigate to 'https://generasi.eydendigital.co.id/' successfully

2023-07-30 16:28:19 - [TEST_STEP][PASSED] - click(findTestObject("homepage/button_Daftar")): Object: 'Object Repository/homepage/button_Daftar' is clicked on

2023-07-30 16:28:23 - [MESSAGE][PASSED] - Object: 'Object Repository/homepage/button_Daftar' is clicked on

2023-07-30 16:28:23 - [TEST_STEP][PASSED] - setText(findTestObject("Register/input_Nama Lengkap_firstname"), "azia"): Text 'azia' is set on object 'Object Repository/Register/input_Nama Lengkap_firstname'

2023-07-30 16:28:27 - [MESSAGE][PASSED] - Text 'azia' is set on object 'Object Repository/Register/input_Nama Lengkap_firstname'

2023-07-30 16:28:27 - [TEST_STEP][PASSED] - randomNum = generateRandomNumber(): null

2023-07-30 16:28:27 - [TEST_STEP][PASSED] - random = new java.util.Random(): null

2023-07-30 16:28:27 - [TEST_STEP][PASSED] - lastNineDigits = String.format("%09d", random.nextInt(1000000000)): null

2023-07-30 16:28:27 - [TEST_STEP][PASSED] - randomNumber = "0877" + lastNineDigits: null

2023-07-30 16:28:27 - [TEST_STEP][PASSED] - return randomNumber: null

2023-07-30 16:28:27 - [TEST_STEP][PASSED] - setText(findTestObject("Register/input_Nomor Ponsel_msisdn"), randomNum): Text '0877114634461' is set on object 'Object Repository/Register/input_Nomor Ponsel_msisdn'

2023-07-30 16:28:28 - [MESSAGE][PASSED] - Text '0877114634461' is set on object 'Object Repository/Register/input_Nomor Ponsel_msisdn'

2023-07-30 16:28:28 - [TEST_STEP][PASSED] - setEncryptedText(findTestObject("Register/input_Password_password"), "iFGeFYmXIrUhQZHvW7P22w=="): Text ****** has been set on object 'Object Repository/Register/input_Password_password'

2023-07-30 16:28:28 - [MESSAGE][PASSED] - Text ****** has been set on object 'Object Repository/Register/input_Password_password']]></system-out>
         <system-err><![CDATA[]]></system-err>
      </testcase>
      <system-out><![CDATA[2023-07-30 16:28:11 - [TEST_SUITE][PASSED] - Random 0877: Test Cases/Prefix_ID/random nomor]]></system-out>
      <system-err><![CDATA[]]></system-err>
   </testsuite>
</testsuites>
